<?xml version="1.0" encoding="UTF-8"?>
<testng-results skipped="0" failed="0" total="1" passed="1">
  <reporter-output>
  </reporter-output>
  <suite name="Default suite" duration-ms="26939" started-at="2014-11-11T03:06:30Z" finished-at="2014-11-11T03:06:57Z">
    <groups>
    </groups>
    <test name="Default test" duration-ms="26939" started-at="2014-11-11T03:06:30Z" finished-at="2014-11-11T03:06:57Z">
      <class name="apiChecklist.Register_TestNG">
        <test-method status="PASS" signature="Register()[pri:0, instance:apiChecklist.Register_TestNG@179caec]" name="Register" duration-ms="26918" started-at="2014-11-11T08:36:30Z" finished-at="2014-11-11T08:36:57Z">
          <reporter-output>
          </reporter-output>
        </test-method> <!-- Register -->
      </class> <!-- apiChecklist.Register_TestNG -->
    </test> <!-- Default test -->
  </suite> <!-- Default suite -->
</testng-results>
